Arguments: 
  /usr/local/bin/node /usr/local/bin/yarn dev

PATH: 
  /Users/sajtempler/Library/Android/sdk/platform-tools:/Users/sajtempler/Library/Android/sdk/tools:/usr/local/bin:/usr/bin:/bin:/usr/sbin:/sbin

Yarn version: 
  1.5.1

Node version: 
  8.11.1

Platform: 
  darwin x64

npm manifest: 
  {
    "name": "ntitle-corp",
    "version": "1.0.0",
    "description": "",
    "main": "index.js",
    "scripts": {
      "build": "gulp build",
      "start": "concurrently \"gulp dev\" \"node dev-server.js\" "
    },
    "author": "Lukasz Ostrowski<lukasz.ostrowski@ntitle.network>",
    "license": "ISC",
    "dependencies": {
      "concurrently": "^3.5.1",
      "node-static": "^0.7.10",
      "opn": "^5.1.0",
      "static-server": "^3.0.0"
    },
    "devDependencies": {
      "@babel/core": "^7.0.0-beta.42",
      "@babel/preset-env": "^7.0.0-beta.42",
      "@types/gulp": "^4.0.5",
      "@types/node": "^8.5.5",
      "eslint": "^4.15.0",
      "eslint-config-airbnb-base": "^12.1.0",
      "eslint-plugin-import": "^2.8.0",
      "gulp": "^3.9.1",
      "gulp-autoprefixer": "^4.1.0",
      "gulp-babel": "^8.0.0-beta.2",
      "gulp-concat": "^2.6.1",
      "gulp-data": "^1.2.1",
      "gulp-htmlmin": "^4.0.0",
      "gulp-imagemin": "^4.1.0",
      "gulp-nunjucks-render": "^2.2.1",
      "gulp-sass": "^3.1.0",
      "gulp-uglify": "^3.0.0",
      "gulp-watch": "^5.0.0",
      "pump": "^2.0.0"
    }
  }

yarn manifest: 
  No manifest

Lockfile: 
  No lockfile

Trace: 
  Error: Command "dev" not found.
      at new MessageError (/usr/local/lib/node_modules/yarn/lib/cli.js:186:110)
      at /usr/local/lib/node_modules/yarn/lib/cli.js:87307:17
      at Generator.next (<anonymous>)
      at step (/usr/local/lib/node_modules/yarn/lib/cli.js:98:30)
      at /usr/local/lib/node_modules/yarn/lib/cli.js:116:14
      at new Promise (<anonymous>)
      at new F (/usr/local/lib/node_modules/yarn/lib/cli.js:23451:28)
      at /usr/local/lib/node_modules/yarn/lib/cli.js:95:12
      at runCommand (/usr/local/lib/node_modules/yarn/lib/cli.js:87312:22)
      at Object.<anonymous> (/usr/local/lib/node_modules/yarn/lib/cli.js:87412:14)
